2026-04-10 21:52:59,168 [INFO] __main__: Pornire bot lista de cumpărături...
2026-04-10 21:52:59,197 [INFO] __main__: Botul rulează. Apasă Ctrl+C pentru a opri.
2026-04-10 21:52:59,368 [INFO] httpx: HTTP Request: POST https://api.telegram.org/bot8568391123:AAF54I56YKeIOWcLV3bCQSiSNd3fmWp9vUc/getMe "HTTP/1.1 200 OK"
2026-04-10 21:52:59,419 [INFO] httpx: HTTP Request: POST https://api.telegram.org/bot8568391123:AAF54I56YKeIOWcLV3bCQSiSNd3fmWp9vUc/deleteWebhook "HTTP/1.1 200 OK"
2026-04-10 21:52:59,421 [INFO] telegram.ext.Application: Application started
2026-04-10 21:53:09,565 [INFO] httpx: HTTP Request: POST https://api.telegram.org/bot8568391123:AAF54I56YKeIOWcLV3bCQSiSNd3fmWp9vUc/getUpdates "HTTP/1.1 200 OK"
2026-04-10 21:53:19,702 [INFO] httpx: HTTP Request: POST https://api.telegram.org/bot8568391123:AAF54I56YKeIOWcLV3bCQSiSNd3fmWp9vUc/getUpdates "HTTP/1.1 200 OK"
2026-04-10 21:53:29,840 [INFO] httpx: HTTP Request: POST https://api.telegram.org/bot8568391123:AAF54I56YKeIOWcLV3bCQSiSNd3fmWp9vUc/getUpdates "HTTP/1.1 200 OK"
2026-04-10 21:53:39,978 [INFO] httpx: HTTP Request: POST https://api.telegram.org/bot8568391123:AAF54I56YKeIOWcLV3bCQSiSNd3fmWp9vUc/getUpdates "HTTP/1.1 200 OK"
2026-04-10 21:53:42,788 [INFO] httpx: HTTP Request: POST https://api.telegram.org/bot8568391123:AAF54I56YKeIOWcLV3bCQSiSNd3fmWp9vUc/getUpdates "HTTP/1.1 200 OK"
2026-04-10 21:53:43,045 [INFO] httpx: HTTP Request: POST https://api.telegram.org/bot8568391123:AAF54I56YKeIOWcLV3bCQSiSNd3fmWp9vUc/sendMessage "HTTP/1.1 200 OK"
2026-04-10 21:53:49,091 [INFO] httpx: HTTP Request: POST https://api.telegram.org/bot8568391123:AAF54I56YKeIOWcLV3bCQSiSNd3fmWp9vUc/getUpdates "HTTP/1.1 200 OK"
2026-04-10 21:53:49,271 [INFO] httpx: HTTP Request: POST https://api.telegram.org/bot8568391123:AAF54I56YKeIOWcLV3bCQSiSNd3fmWp9vUc/sendMessage "HTTP/1.1 200 OK"
2026-04-10 21:53:59,229 [INFO] httpx: HTTP Request: POST https://api.telegram.org/bot8568391123:AAF54I56YKeIOWcLV3bCQSiSNd3fmWp9vUc/getUpdates "HTTP/1.1 200 OK"
2026-04-10 21:54:05,580 [INFO] httpx: HTTP Request: POST https://api.telegram.org/bot8568391123:AAF54I56YKeIOWcLV3bCQSiSNd3fmWp9vUc/getUpdates "HTTP/1.1 200 OK"
2026-04-10 21:54:05,747 [INFO] httpx: HTTP Request: POST https://api.telegram.org/bot8568391123:AAF54I56YKeIOWcLV3bCQSiSNd3fmWp9vUc/sendMessage "HTTP/1.1 200 OK"
2026-04-10 21:54:15,715 [INFO] httpx: HTTP Request: POST https://api.telegram.org/bot8568391123:AAF54I56YKeIOWcLV3bCQSiSNd3fmWp9vUc/getUpdates "HTTP/1.1 200 OK"
2026-04-10 21:54:25,853 [INFO] httpx: HTTP Request: POST https://api.telegram.org/bot8568391123:AAF54I56YKeIOWcLV3bCQSiSNd3fmWp9vUc/getUpdates "HTTP/1.1 200 OK"
2026-04-10 21:54:35,991 [INFO] httpx: HTTP Request: POST https://api.telegram.org/bot8568391123:AAF54I56YKeIOWcLV3bCQSiSNd3fmWp9vUc/getUpdates "HTTP/1.1 200 OK"
2026-04-10 21:54:46,128 [INFO] httpx: HTTP Request: POST https://api.telegram.org/bot8568391123:AAF54I56YKeIOWcLV3bCQSiSNd3fmWp9vUc/getUpdates "HTTP/1.1 200 OK"
2026-04-10 21:54:54,423 [INFO] httpx: HTTP Request: POST https://api.telegram.org/bot8568391123:AAF54I56YKeIOWcLV3bCQSiSNd3fmWp9vUc/getUpdates "HTTP/1.1 200 OK"
2026-04-10 21:54:54,626 [INFO] httpx: HTTP Request: POST https://api.telegram.org/bot8568391123:AAF54I56YKeIOWcLV3bCQSiSNd3fmWp9vUc/sendMessage "HTTP/1.1 200 OK"
2026-04-10 21:54:54,706 [INFO] httpx: HTTP Request: POST https://api.telegram.org/bot8568391123:AAF54I56YKeIOWcLV3bCQSiSNd3fmWp9vUc/sendMessage "HTTP/1.1 200 OK"
2026-04-10 21:55:04,561 [INFO] httpx: HTTP Request: POST https://api.telegram.org/bot8568391123:AAF54I56YKeIOWcLV3bCQSiSNd3fmWp9vUc/getUpdates "HTTP/1.1 200 OK"
2026-04-10 21:55:14,697 [INFO] httpx: HTTP Request: POST https://api.telegram.org/bot8568391123:AAF54I56YKeIOWcLV3bCQSiSNd3fmWp9vUc/getUpdates "HTTP/1.1 200 OK"
2026-04-10 21:55:24,835 [INFO] httpx: HTTP Request: POST https://api.telegram.org/bot8568391123:AAF54I56YKeIOWcLV3bCQSiSNd3fmWp9vUc/getUpdates "HTTP/1.1 200 OK"
2026-04-10 21:55:25,143 [INFO] httpx: HTTP Request: POST https://api.telegram.org/bot8568391123:AAF54I56YKeIOWcLV3bCQSiSNd3fmWp9vUc/getUpdates "HTTP/1.1 200 OK"
2026-04-10 21:55:25,325 [INFO] httpx: HTTP Request: POST https://api.telegram.org/bot8568391123:AAF54I56YKeIOWcLV3bCQSiSNd3fmWp9vUc/sendMessage "HTTP/1.1 200 OK"
2026-04-10 21:55:35,285 [INFO] httpx: HTTP Request: POST https://api.telegram.org/bot8568391123:AAF54I56YKeIOWcLV3bCQSiSNd3fmWp9vUc/getUpdates "HTTP/1.1 200 OK"
2026-04-10 21:55:45,417 [INFO] httpx: HTTP Request: POST https://api.telegram.org/bot8568391123:AAF54I56YKeIOWcLV3bCQSiSNd3fmWp9vUc/getUpdates "HTTP/1.1 200 OK"
2026-04-10 21:55:47,363 [INFO] httpx: HTTP Request: POST https://api.telegram.org/bot8568391123:AAF54I56YKeIOWcLV3bCQSiSNd3fmWp9vUc/getUpdates "HTTP/1.1 200 OK"
2026-04-10 21:55:47,547 [INFO] httpx: HTTP Request: POST https://api.telegram.org/bot8568391123:AAF54I56YKeIOWcLV3bCQSiSNd3fmWp9vUc/sendMessage "HTTP/1.1 200 OK"
2026-04-10 21:55:52,476 [INFO] httpx: HTTP Request: POST https://api.telegram.org/bot8568391123:AAF54I56YKeIOWcLV3bCQSiSNd3fmWp9vUc/getUpdates "HTTP/1.1 200 OK"
2026-04-10 21:55:52,553 [INFO] httpx: HTTP Request: POST https://api.telegram.org/bot8568391123:AAF54I56YKeIOWcLV3bCQSiSNd3fmWp9vUc/sendMessage "HTTP/1.1 200 OK"
2026-04-10 21:56:00,675 [INFO] httpx: HTTP Request: POST https://api.telegram.org/bot8568391123:AAF54I56YKeIOWcLV3bCQSiSNd3fmWp9vUc/getUpdates "HTTP/1.1 200 OK"
2026-04-10 21:56:00,846 [INFO] httpx: HTTP Request: POST https://api.telegram.org/bot8568391123:AAF54I56YKeIOWcLV3bCQSiSNd3fmWp9vUc/sendMessage "HTTP/1.1 200 OK"
2026-04-10 21:56:00,918 [INFO] httpx: HTTP Request: POST https://api.telegram.org/bot8568391123:AAF54I56YKeIOWcLV3bCQSiSNd3fmWp9vUc/sendMessage "HTTP/1.1 200 OK"
2026-04-10 21:56:10,813 [INFO] httpx: HTTP Request: POST https://api.telegram.org/bot8568391123:AAF54I56YKeIOWcLV3bCQSiSNd3fmWp9vUc/getUpdates "HTTP/1.1 200 OK"
2026-04-10 21:56:17,776 [INFO] httpx: HTTP Request: POST https://api.telegram.org/bot8568391123:AAF54I56YKeIOWcLV3bCQSiSNd3fmWp9vUc/getUpdates "HTTP/1.1 200 OK"
2026-04-10 21:56:17,954 [INFO] httpx: HTTP Request: POST https://api.telegram.org/bot8568391123:AAF54I56YKeIOWcLV3bCQSiSNd3fmWp9vUc/sendMessage "HTTP/1.1 200 OK"
2026-04-10 21:56:27,913 [INFO] httpx: HTTP Request: POST https://api.telegram.org/bot8568391123:AAF54I56YKeIOWcLV3bCQSiSNd3fmWp9vUc/getUpdates "HTTP/1.1 200 OK"
2026-04-10 21:56:38,051 [INFO] httpx: HTTP Request: POST https://api.telegram.org/bot8568391123:AAF54I56YKeIOWcLV3bCQSiSNd3fmWp9vUc/getUpdates "HTTP/1.1 200 OK"
2026-04-10 21:56:41,124 [INFO] httpx: HTTP Request: POST https://api.telegram.org/bot8568391123:AAF54I56YKeIOWcLV3bCQSiSNd3fmWp9vUc/getUpdates "HTTP/1.1 200 OK"
2026-04-10 21:56:41,436 [INFO] httpx: HTTP Request: POST https://api.telegram.org/bot8568391123:AAF54I56YKeIOWcLV3bCQSiSNd3fmWp9vUc/answerCallbackQuery "HTTP/1.1 200 OK"
2026-04-10 21:56:41,636 [INFO] httpx: HTTP Request: POST https://api.telegram.org/bot8568391123:AAF54I56YKeIOWcLV3bCQSiSNd3fmWp9vUc/editMessageText "HTTP/1.1 200 OK"
2026-04-10 21:56:41,737 [INFO] httpx: HTTP Request: POST https://api.telegram.org/bot8568391123:AAF54I56YKeIOWcLV3bCQSiSNd3fmWp9vUc/sendMessage "HTTP/1.1 200 OK"
2026-04-10 21:56:46,653 [INFO] httpx: HTTP Request: POST https://api.telegram.org/bot8568391123:AAF54I56YKeIOWcLV3bCQSiSNd3fmWp9vUc/getUpdates "HTTP/1.1 200 OK"
2026-04-10 21:56:46,723 [INFO] httpx: HTTP Request: POST https://api.telegram.org/bot8568391123:AAF54I56YKeIOWcLV3bCQSiSNd3fmWp9vUc/answerCallbackQuery "HTTP/1.1 200 OK"
2026-04-10 21:56:46,804 [INFO] httpx: HTTP Request: POST https://api.telegram.org/bot8568391123:AAF54I56YKeIOWcLV3bCQSiSNd3fmWp9vUc/editMessageText "HTTP/1.1 200 OK"
2026-04-10 21:56:46,878 [INFO] httpx: HTTP Request: POST https://api.telegram.org/bot8568391123:AAF54I56YKeIOWcLV3bCQSiSNd3fmWp9vUc/sendMessage "HTTP/1.1 200 OK"
2026-04-10 21:56:56,790 [INFO] httpx: HTTP Request: POST https://api.telegram.org/bot8568391123:AAF54I56YKeIOWcLV3bCQSiSNd3fmWp9vUc/getUpdates "HTTP/1.1 200 OK"
2026-04-10 21:57:06,928 [INFO] httpx: HTTP Request: POST https://api.telegram.org/bot8568391123:AAF54I56YKeIOWcLV3bCQSiSNd3fmWp9vUc/getUpdates "HTTP/1.1 200 OK"
2026-04-10 21:57:17,065 [INFO] httpx: HTTP Request: POST https://api.telegram.org/bot8568391123:AAF54I56YKeIOWcLV3bCQSiSNd3fmWp9vUc/getUpdates "HTTP/1.1 200 OK"
2026-04-10 21:57:27,203 [INFO] httpx: HTTP Request: POST https://api.telegram.org/bot8568391123:AAF54I56YKeIOWcLV3bCQSiSNd3fmWp9vUc/getUpdates "HTTP/1.1 200 OK"
2026-04-10 21:57:37,346 [INFO] httpx: HTTP Request: POST https://api.telegram.org/bot8568391123:AAF54I56YKeIOWcLV3bCQSiSNd3fmWp9vUc/getUpdates "HTTP/1.1 200 OK"
2026-04-10 21:57:47,478 [INFO] httpx: HTTP Request: POST https://api.telegram.org/bot8568391123:AAF54I56YKeIOWcLV3bCQSiSNd3fmWp9vUc/getUpdates "HTTP/1.1 200 OK"
2026-04-10 21:57:57,616 [INFO] httpx: HTTP Request: POST https://api.telegram.org/bot8568391123:AAF54I56YKeIOWcLV3bCQSiSNd3fmWp9vUc/getUpdates "HTTP/1.1 200 OK"
2026-04-10 21:58:07,753 [INFO] httpx: HTTP Request: POST https://api.telegram.org/bot8568391123:AAF54I56YKeIOWcLV3bCQSiSNd3fmWp9vUc/getUpdates "HTTP/1.1 200 OK"
2026-04-10 21:58:17,891 [INFO] httpx: HTTP Request: POST https://api.telegram.org/bot8568391123:AAF54I56YKeIOWcLV3bCQSiSNd3fmWp9vUc/getUpdates "HTTP/1.1 200 OK"
2026-04-10 21:58:28,030 [INFO] httpx: HTTP Request: POST https://api.telegram.org/bot8568391123:AAF54I56YKeIOWcLV3bCQSiSNd3fmWp9vUc/getUpdates "HTTP/1.1 200 OK"
2026-04-10 21:58:38,166 [INFO] httpx: HTTP Request: POST https://api.telegram.org/bot8568391123:AAF54I56YKeIOWcLV3bCQSiSNd3fmWp9vUc/getUpdates "HTTP/1.1 200 OK"
2026-04-10 21:58:48,304 [INFO] httpx: HTTP Request: POST https://api.telegram.org/bot8568391123:AAF54I56YKeIOWcLV3bCQSiSNd3fmWp9vUc/getUpdates "HTTP/1.1 200 OK"
2026-04-10 21:58:58,350 [INFO] httpx: HTTP Request: POST https://api.telegram.org/bot8568391123:AAF54I56YKeIOWcLV3bCQSiSNd3fmWp9vUc/getUpdates "HTTP/1.1 200 OK"
2026-04-10 21:59:08,477 [INFO] httpx: HTTP Request: POST https://api.telegram.org/bot8568391123:AAF54I56YKeIOWcLV3bCQSiSNd3fmWp9vUc/getUpdates "HTTP/1.1 200 OK"
2026-04-10 21:59:18,614 [INFO] httpx: HTTP Request: POST https://api.telegram.org/bot8568391123:AAF54I56YKeIOWcLV3bCQSiSNd3fmWp9vUc/getUpdates "HTTP/1.1 200 OK"
2026-04-10 21:59:28,751 [INFO] httpx: HTTP Request: POST https://api.telegram.org/bot8568391123:AAF54I56YKeIOWcLV3bCQSiSNd3fmWp9vUc/getUpdates "HTTP/1.1 200 OK"
2026-04-10 21:59:38,889 [INFO] httpx: HTTP Request: POST https://api.telegram.org/bot8568391123:AAF54I56YKeIOWcLV3bCQSiSNd3fmWp9vUc/getUpdates "HTTP/1.1 200 OK"
2026-04-10 21:59:48,936 [INFO] httpx: HTTP Request: POST https://api.telegram.org/bot8568391123:AAF54I56YKeIOWcLV3bCQSiSNd3fmWp9vUc/getUpdates "HTTP/1.1 200 OK"
2026-04-10 21:59:59,062 [INFO] httpx: HTTP Request: POST https://api.telegram.org/bot8568391123:AAF54I56YKeIOWcLV3bCQSiSNd3fmWp9vUc/getUpdates "HTTP/1.1 200 OK"
2026-04-10 22:00:09,199 [INFO] httpx: HTTP Request: POST https://api.telegram.org/bot8568391123:AAF54I56YKeIOWcLV3bCQSiSNd3fmWp9vUc/getUpdates "HTTP/1.1 200 OK"
2026-04-10 22:00:19,337 [INFO] httpx: HTTP Request: POST https://api.telegram.org/bot8568391123:AAF54I56YKeIOWcLV3bCQSiSNd3fmWp9vUc/getUpdates "HTTP/1.1 200 OK"
2026-04-10 22:00:29,475 [INFO] httpx: HTTP Request: POST https://api.telegram.org/bot8568391123:AAF54I56YKeIOWcLV3bCQSiSNd3fmWp9vUc/getUpdates "HTTP/1.1 200 OK"
2026-04-10 22:00:39,612 [INFO] httpx: HTTP Request: POST https://api.telegram.org/bot8568391123:AAF54I56YKeIOWcLV3bCQSiSNd3fmWp9vUc/getUpdates "HTTP/1.1 200 OK"
2026-04-10 22:00:49,670 [INFO] httpx: HTTP Request: POST https://api.telegram.org/bot8568391123:AAF54I56YKeIOWcLV3bCQSiSNd3fmWp9vUc/getUpdates "HTTP/1.1 200 OK"
2026-04-10 22:00:59,785 [INFO] httpx: HTTP Request: POST https://api.telegram.org/bot8568391123:AAF54I56YKeIOWcLV3bCQSiSNd3fmWp9vUc/getUpdates "HTTP/1.1 200 OK"
2026-04-10 22:01:09,922 [INFO] httpx: HTTP Request: POST https://api.telegram.org/bot8568391123:AAF54I56YKeIOWcLV3bCQSiSNd3fmWp9vUc/getUpdates "HTTP/1.1 200 OK"
2026-04-10 22:01:20,060 [INFO] httpx: HTTP Request: POST https://api.telegram.org/bot8568391123:AAF54I56YKeIOWcLV3bCQSiSNd3fmWp9vUc/getUpdates "HTTP/1.1 200 OK"
2026-04-10 22:01:30,108 [INFO] httpx: HTTP Request: POST https://api.telegram.org/bot8568391123:AAF54I56YKeIOWcLV3bCQSiSNd3fmWp9vUc/getUpdates "HTTP/1.1 200 OK"
2026-04-10 22:01:40,233 [INFO] httpx: HTTP Request: POST https://api.telegram.org/bot8568391123:AAF54I56YKeIOWcLV3bCQSiSNd3fmWp9vUc/getUpdates "HTTP/1.1 200 OK"
2026-04-10 22:01:50,370 [INFO] httpx: HTTP Request: POST https://api.telegram.org/bot8568391123:AAF54I56YKeIOWcLV3bCQSiSNd3fmWp9vUc/getUpdates "HTTP/1.1 200 OK"
2026-04-10 22:02:00,509 [INFO] httpx: HTTP Request: POST https://api.telegram.org/bot8568391123:AAF54I56YKeIOWcLV3bCQSiSNd3fmWp9vUc/getUpdates "HTTP/1.1 200 OK"
2026-04-10 22:02:10,561 [INFO] httpx: HTTP Request: POST https://api.telegram.org/bot8568391123:AAF54I56YKeIOWcLV3bCQSiSNd3fmWp9vUc/getUpdates "HTTP/1.1 200 OK"
2026-04-10 22:02:20,611 [INFO] httpx: HTTP Request: POST https://api.telegram.org/bot8568391123:AAF54I56YKeIOWcLV3bCQSiSNd3fmWp9vUc/getUpdates "HTTP/1.1 200 OK"
2026-04-10 22:02:30,716 [INFO] httpx: HTTP Request: POST https://api.telegram.org/bot8568391123:AAF54I56YKeIOWcLV3bCQSiSNd3fmWp9vUc/getUpdates "HTTP/1.1 200 OK"
2026-04-10 22:02:40,837 [INFO] httpx: HTTP Request: POST https://api.telegram.org/bot8568391123:AAF54I56YKeIOWcLV3bCQSiSNd3fmWp9vUc/getUpdates "HTTP/1.1 200 OK"
2026-04-10 22:02:50,890 [INFO] httpx: HTTP Request: POST https://api.telegram.org/bot8568391123:AAF54I56YKeIOWcLV3bCQSiSNd3fmWp9vUc/getUpdates "HTTP/1.1 200 OK"
2026-04-10 22:03:01,027 [INFO] httpx: HTTP Request: POST https://api.telegram.org/bot8568391123:AAF54I56YKeIOWcLV3bCQSiSNd3fmWp9vUc/getUpdates "HTTP/1.1 200 OK"
2026-04-10 22:03:11,164 [INFO] httpx: HTTP Request: POST https://api.telegram.org/bot8568391123:AAF54I56YKeIOWcLV3bCQSiSNd3fmWp9vUc/getUpdates "HTTP/1.1 200 OK"
2026-04-10 22:03:21,302 [INFO] httpx: HTTP Request: POST https://api.telegram.org/bot8568391123:AAF54I56YKeIOWcLV3bCQSiSNd3fmWp9vUc/getUpdates "HTTP/1.1 200 OK"
2026-04-10 22:03:31,439 [INFO] httpx: HTTP Request: POST https://api.telegram.org/bot8568391123:AAF54I56YKeIOWcLV3bCQSiSNd3fmWp9vUc/getUpdates "HTTP/1.1 200 OK"
2026-04-10 22:03:41,577 [INFO] httpx: HTTP Request: POST https://api.telegram.org/bot8568391123:AAF54I56YKeIOWcLV3bCQSiSNd3fmWp9vUc/getUpdates "HTTP/1.1 200 OK"
2026-04-10 22:03:51,720 [INFO] httpx: HTTP Request: POST https://api.telegram.org/bot8568391123:AAF54I56YKeIOWcLV3bCQSiSNd3fmWp9vUc/getUpdates "HTTP/1.1 200 OK"
2026-04-10 22:04:01,849 [INFO] httpx: HTTP Request: POST https://api.telegram.org/bot8568391123:AAF54I56YKeIOWcLV3bCQSiSNd3fmWp9vUc/getUpdates "HTTP/1.1 200 OK"
2026-04-10 22:04:11,989 [INFO] httpx: HTTP Request: POST https://api.telegram.org/bot8568391123:AAF54I56YKeIOWcLV3bCQSiSNd3fmWp9vUc/getUpdates "HTTP/1.1 200 OK"
2026-04-10 22:04:22,186 [INFO] httpx: HTTP Request: POST https://api.telegram.org/bot8568391123:AAF54I56YKeIOWcLV3bCQSiSNd3fmWp9vUc/getUpdates "HTTP/1.1 200 OK"
2026-04-10 22:04:32,459 [INFO] httpx: HTTP Request: POST https://api.telegram.org/bot8568391123:AAF54I56YKeIOWcLV3bCQSiSNd3fmWp9vUc/getUpdates "HTTP/1.1 200 OK"
2026-04-10 22:04:42,636 [INFO] httpx: HTTP Request: POST https://api.telegram.org/bot8568391123:AAF54I56YKeIOWcLV3bCQSiSNd3fmWp9vUc/getUpdates "HTTP/1.1 200 OK"
2026-04-10 22:04:52,785 [INFO] httpx: HTTP Request: POST https://api.telegram.org/bot8568391123:AAF54I56YKeIOWcLV3bCQSiSNd3fmWp9vUc/getUpdates "HTTP/1.1 200 OK"
2026-04-10 22:05:02,923 [INFO] httpx: HTTP Request: POST https://api.telegram.org/bot8568391123:AAF54I56YKeIOWcLV3bCQSiSNd3fmWp9vUc/getUpdates "HTTP/1.1 200 OK"
2026-04-10 22:05:12,974 [INFO] httpx: HTTP Request: POST https://api.telegram.org/bot8568391123:AAF54I56YKeIOWcLV3bCQSiSNd3fmWp9vUc/getUpdates "HTTP/1.1 200 OK"
2026-04-10 22:05:23,101 [INFO] httpx: HTTP Request: POST https://api.telegram.org/bot8568391123:AAF54I56YKeIOWcLV3bCQSiSNd3fmWp9vUc/getUpdates "HTTP/1.1 200 OK"
2026-04-10 22:05:33,243 [INFO] httpx: HTTP Request: POST https://api.telegram.org/bot8568391123:AAF54I56YKeIOWcLV3bCQSiSNd3fmWp9vUc/getUpdates "HTTP/1.1 200 OK"
2026-04-10 22:05:43,384 [INFO] httpx: HTTP Request: POST https://api.telegram.org/bot8568391123:AAF54I56YKeIOWcLV3bCQSiSNd3fmWp9vUc/getUpdates "HTTP/1.1 200 OK"
2026-04-10 22:05:53,436 [INFO] httpx: HTTP Request: POST https://api.telegram.org/bot8568391123:AAF54I56YKeIOWcLV3bCQSiSNd3fmWp9vUc/getUpdates "HTTP/1.1 200 OK"
2026-04-10 22:06:03,559 [INFO] httpx: HTTP Request: POST https://api.telegram.org/bot8568391123:AAF54I56YKeIOWcLV3bCQSiSNd3fmWp9vUc/getUpdates "HTTP/1.1 200 OK"
2026-04-10 22:06:13,692 [INFO] httpx: HTTP Request: POST https://api.telegram.org/bot8568391123:AAF54I56YKeIOWcLV3bCQSiSNd3fmWp9vUc/getUpdates "HTTP/1.1 200 OK"
2026-04-10 22:06:23,772 [INFO] httpx: HTTP Request: POST https://api.telegram.org/bot8568391123:AAF54I56YKeIOWcLV3bCQSiSNd3fmWp9vUc/getUpdates "HTTP/1.1 200 OK"
2026-04-10 22:06:33,864 [INFO] httpx: HTTP Request: POST https://api.telegram.org/bot8568391123:AAF54I56YKeIOWcLV3bCQSiSNd3fmWp9vUc/getUpdates "HTTP/1.1 200 OK"
2026-04-10 22:06:44,002 [INFO] httpx: HTTP Request: POST https://api.telegram.org/bot8568391123:AAF54I56YKeIOWcLV3bCQSiSNd3fmWp9vUc/getUpdates "HTTP/1.1 200 OK"
2026-04-10 22:06:54,147 [INFO] httpx: HTTP Request: POST https://api.telegram.org/bot8568391123:AAF54I56YKeIOWcLV3bCQSiSNd3fmWp9vUc/getUpdates "HTTP/1.1 200 OK"
2026-04-10 22:07:04,281 [INFO] httpx: HTTP Request: POST https://api.telegram.org/bot8568391123:AAF54I56YKeIOWcLV3bCQSiSNd3fmWp9vUc/getUpdates "HTTP/1.1 200 OK"
2026-04-10 22:07:14,421 [INFO] httpx: HTTP Request: POST https://api.telegram.org/bot8568391123:AAF54I56YKeIOWcLV3bCQSiSNd3fmWp9vUc/getUpdates "HTTP/1.1 200 OK"
2026-04-10 22:07:24,561 [INFO] httpx: HTTP Request: POST https://api.telegram.org/bot8568391123:AAF54I56YKeIOWcLV3bCQSiSNd3fmWp9vUc/getUpdates "HTTP/1.1 200 OK"
2026-04-10 22:07:34,701 [INFO] httpx: HTTP Request: POST https://api.telegram.org/bot8568391123:AAF54I56YKeIOWcLV3bCQSiSNd3fmWp9vUc/getUpdates "HTTP/1.1 200 OK"
2026-04-10 22:07:44,842 [INFO] httpx: HTTP Request: POST https://api.telegram.org/bot8568391123:AAF54I56YKeIOWcLV3bCQSiSNd3fmWp9vUc/getUpdates "HTTP/1.1 200 OK"
2026-04-10 22:07:54,983 [INFO] httpx: HTTP Request: POST https://api.telegram.org/bot8568391123:AAF54I56YKeIOWcLV3bCQSiSNd3fmWp9vUc/getUpdates "HTTP/1.1 200 OK"
2026-04-10 22:08:05,122 [INFO] httpx: HTTP Request: POST https://api.telegram.org/bot8568391123:AAF54I56YKeIOWcLV3bCQSiSNd3fmWp9vUc/getUpdates "HTTP/1.1 200 OK"
2026-04-10 22:08:15,168 [INFO] httpx: HTTP Request: POST https://api.telegram.org/bot8568391123:AAF54I56YKeIOWcLV3bCQSiSNd3fmWp9vUc/getUpdates "HTTP/1.1 200 OK"
2026-04-10 22:08:25,289 [INFO] httpx: HTTP Request: POST https://api.telegram.org/bot8568391123:AAF54I56YKeIOWcLV3bCQSiSNd3fmWp9vUc/getUpdates "HTTP/1.1 200 OK"
2026-04-10 22:08:35,335 [INFO] httpx: HTTP Request: POST https://api.telegram.org/bot8568391123:AAF54I56YKeIOWcLV3bCQSiSNd3fmWp9vUc/getUpdates "HTTP/1.1 200 OK"
2026-04-10 22:08:45,459 [INFO] httpx: HTTP Request: POST https://api.telegram.org/bot8568391123:AAF54I56YKeIOWcLV3bCQSiSNd3fmWp9vUc/getUpdates "HTTP/1.1 200 OK"
2026-04-10 22:08:55,597 [INFO] httpx: HTTP Request: POST https://api.telegram.org/bot8568391123:AAF54I56YKeIOWcLV3bCQSiSNd3fmWp9vUc/getUpdates "HTTP/1.1 200 OK"
2026-04-10 22:09:05,836 [INFO] httpx: HTTP Request: POST https://api.telegram.org/bot8568391123:AAF54I56YKeIOWcLV3bCQSiSNd3fmWp9vUc/getUpdates "HTTP/1.1 200 OK"
2026-04-10 22:09:15,974 [INFO] httpx: HTTP Request: POST https://api.telegram.org/bot8568391123:AAF54I56YKeIOWcLV3bCQSiSNd3fmWp9vUc/getUpdates "HTTP/1.1 200 OK"
2026-04-10 22:09:26,019 [INFO] httpx: HTTP Request: POST https://api.telegram.org/bot8568391123:AAF54I56YKeIOWcLV3bCQSiSNd3fmWp9vUc/getUpdates "HTTP/1.1 200 OK"
2026-04-10 22:09:36,148 [INFO] httpx: HTTP Request: POST https://api.telegram.org/bot8568391123:AAF54I56YKeIOWcLV3bCQSiSNd3fmWp9vUc/getUpdates "HTTP/1.1 200 OK"
2026-04-10 22:09:46,302 [INFO] httpx: HTTP Request: POST https://api.telegram.org/bot8568391123:AAF54I56YKeIOWcLV3bCQSiSNd3fmWp9vUc/getUpdates "HTTP/1.1 200 OK"
2026-04-10 22:09:56,425 [INFO] httpx: HTTP Request: POST https://api.telegram.org/bot8568391123:AAF54I56YKeIOWcLV3bCQSiSNd3fmWp9vUc/getUpdates "HTTP/1.1 200 OK"
2026-04-10 22:10:06,564 [INFO] httpx: HTTP Request: POST https://api.telegram.org/bot8568391123:AAF54I56YKeIOWcLV3bCQSiSNd3fmWp9vUc/getUpdates "HTTP/1.1 200 OK"
2026-04-10 22:10:16,704 [INFO] httpx: HTTP Request: POST https://api.telegram.org/bot8568391123:AAF54I56YKeIOWcLV3bCQSiSNd3fmWp9vUc/getUpdates "HTTP/1.1 200 OK"
2026-04-10 22:10:26,843 [INFO] httpx: HTTP Request: POST https://api.telegram.org/bot8568391123:AAF54I56YKeIOWcLV3bCQSiSNd3fmWp9vUc/getUpdates "HTTP/1.1 200 OK"
2026-04-10 22:10:36,983 [INFO] httpx: HTTP Request: POST https://api.telegram.org/bot8568391123:AAF54I56YKeIOWcLV3bCQSiSNd3fmWp9vUc/getUpdates "HTTP/1.1 200 OK"
2026-04-10 22:10:47,123 [INFO] httpx: HTTP Request: POST https://api.telegram.org/bot8568391123:AAF54I56YKeIOWcLV3bCQSiSNd3fmWp9vUc/getUpdates "HTTP/1.1 200 OK"
2026-04-10 22:10:57,262 [INFO] httpx: HTTP Request: POST https://api.telegram.org/bot8568391123:AAF54I56YKeIOWcLV3bCQSiSNd3fmWp9vUc/getUpdates "HTTP/1.1 200 OK"
2026-04-10 22:11:07,401 [INFO] httpx: HTTP Request: POST https://api.telegram.org/bot8568391123:AAF54I56YKeIOWcLV3bCQSiSNd3fmWp9vUc/getUpdates "HTTP/1.1 200 OK"
2026-04-10 22:11:17,643 [INFO] httpx: HTTP Request: POST https://api.telegram.org/bot8568391123:AAF54I56YKeIOWcLV3bCQSiSNd3fmWp9vUc/getUpdates "HTTP/1.1 200 OK"
2026-04-10 22:11:27,783 [INFO] httpx: HTTP Request: POST https://api.telegram.org/bot8568391123:AAF54I56YKeIOWcLV3bCQSiSNd3fmWp9vUc/getUpdates "HTTP/1.1 200 OK"
2026-04-10 22:11:37,830 [INFO] httpx: HTTP Request: POST https://api.telegram.org/bot8568391123:AAF54I56YKeIOWcLV3bCQSiSNd3fmWp9vUc/getUpdates "HTTP/1.1 200 OK"
2026-04-10 22:11:47,961 [INFO] httpx: HTTP Request: POST https://api.telegram.org/bot8568391123:AAF54I56YKeIOWcLV3bCQSiSNd3fmWp9vUc/getUpdates "HTTP/1.1 200 OK"
2026-04-10 22:11:58,101 [INFO] httpx: HTTP Request: POST https://api.telegram.org/bot8568391123:AAF54I56YKeIOWcLV3bCQSiSNd3fmWp9vUc/getUpdates "HTTP/1.1 200 OK"
2026-04-10 22:12:08,241 [INFO] httpx: HTTP Request: POST https://api.telegram.org/bot8568391123:AAF54I56YKeIOWcLV3bCQSiSNd3fmWp9vUc/getUpdates "HTTP/1.1 200 OK"
2026-04-10 22:12:18,380 [INFO] httpx: HTTP Request: POST https://api.telegram.org/bot8568391123:AAF54I56YKeIOWcLV3bCQSiSNd3fmWp9vUc/getUpdates "HTTP/1.1 200 OK"
2026-04-10 22:12:28,514 [INFO] httpx: HTTP Request: POST https://api.telegram.org/bot8568391123:AAF54I56YKeIOWcLV3bCQSiSNd3fmWp9vUc/getUpdates "HTTP/1.1 200 OK"
2026-04-10 22:12:38,644 [INFO] httpx: HTTP Request: POST https://api.telegram.org/bot8568391123:AAF54I56YKeIOWcLV3bCQSiSNd3fmWp9vUc/getUpdates "HTTP/1.1 200 OK"
2026-04-10 22:12:48,776 [INFO] httpx: HTTP Request: POST https://api.telegram.org/bot8568391123:AAF54I56YKeIOWcLV3bCQSiSNd3fmWp9vUc/getUpdates "HTTP/1.1 200 OK"
2026-04-10 22:12:58,909 [INFO] httpx: HTTP Request: POST https://api.telegram.org/bot8568391123:AAF54I56YKeIOWcLV3bCQSiSNd3fmWp9vUc/getUpdates "HTTP/1.1 200 OK"
2026-04-10 22:13:09,042 [INFO] httpx: HTTP Request: POST https://api.telegram.org/bot8568391123:AAF54I56YKeIOWcLV3bCQSiSNd3fmWp9vUc/getUpdates "HTTP/1.1 200 OK"
2026-04-10 22:13:19,177 [INFO] httpx: HTTP Request: POST https://api.telegram.org/bot8568391123:AAF54I56YKeIOWcLV3bCQSiSNd3fmWp9vUc/getUpdates "HTTP/1.1 200 OK"
2026-04-10 22:13:29,313 [INFO] httpx: HTTP Request: POST https://api.telegram.org/bot8568391123:AAF54I56YKeIOWcLV3bCQSiSNd3fmWp9vUc/getUpdates "HTTP/1.1 200 OK"
2026-04-10 22:13:39,449 [INFO] httpx: HTTP Request: POST https://api.telegram.org/bot8568391123:AAF54I56YKeIOWcLV3bCQSiSNd3fmWp9vUc/getUpdates "HTTP/1.1 200 OK"
2026-04-10 22:13:49,584 [INFO] httpx: HTTP Request: POST https://api.telegram.org/bot8568391123:AAF54I56YKeIOWcLV3bCQSiSNd3fmWp9vUc/getUpdates "HTTP/1.1 200 OK"
2026-04-10 22:13:59,722 [INFO] httpx: HTTP Request: POST https://api.telegram.org/bot8568391123:AAF54I56YKeIOWcLV3bCQSiSNd3fmWp9vUc/getUpdates "HTTP/1.1 200 OK"
2026-04-10 22:14:09,859 [INFO] httpx: HTTP Request: POST https://api.telegram.org/bot8568391123:AAF54I56YKeIOWcLV3bCQSiSNd3fmWp9vUc/getUpdates "HTTP/1.1 200 OK"
2026-04-10 22:14:19,996 [INFO] httpx: HTTP Request: POST https://api.telegram.org/bot8568391123:AAF54I56YKeIOWcLV3bCQSiSNd3fmWp9vUc/getUpdates "HTTP/1.1 200 OK"
2026-04-10 22:14:30,132 [INFO] httpx: HTTP Request: POST https://api.telegram.org/bot8568391123:AAF54I56YKeIOWcLV3bCQSiSNd3fmWp9vUc/getUpdates "HTTP/1.1 200 OK"
2026-04-10 22:14:40,270 [INFO] httpx: HTTP Request: POST https://api.telegram.org/bot8568391123:AAF54I56YKeIOWcLV3bCQSiSNd3fmWp9vUc/getUpdates "HTTP/1.1 200 OK"
2026-04-10 22:14:50,409 [INFO] httpx: HTTP Request: POST https://api.telegram.org/bot8568391123:AAF54I56YKeIOWcLV3bCQSiSNd3fmWp9vUc/getUpdates "HTTP/1.1 200 OK"
2026-04-10 22:15:00,547 [INFO] httpx: HTTP Request: POST https://api.telegram.org/bot8568391123:AAF54I56YKeIOWcLV3bCQSiSNd3fmWp9vUc/getUpdates "HTTP/1.1 200 OK"
2026-04-10 22:15:10,621 [INFO] httpx: HTTP Request: POST https://api.telegram.org/bot8568391123:AAF54I56YKeIOWcLV3bCQSiSNd3fmWp9vUc/getUpdates "HTTP/1.1 200 OK"
2026-04-10 22:15:20,725 [INFO] httpx: HTTP Request: POST https://api.telegram.org/bot8568391123:AAF54I56YKeIOWcLV3bCQSiSNd3fmWp9vUc/getUpdates "HTTP/1.1 200 OK"
2026-04-10 22:15:30,858 [INFO] httpx: HTTP Request: POST https://api.telegram.org/bot8568391123:AAF54I56YKeIOWcLV3bCQSiSNd3fmWp9vUc/getUpdates "HTTP/1.1 200 OK"
2026-04-10 22:15:40,997 [INFO] httpx: HTTP Request: POST https://api.telegram.org/bot8568391123:AAF54I56YKeIOWcLV3bCQSiSNd3fmWp9vUc/getUpdates "HTTP/1.1 200 OK"
2026-04-10 22:15:51,136 [INFO] httpx: HTTP Request: POST https://api.telegram.org/bot8568391123:AAF54I56YKeIOWcLV3bCQSiSNd3fmWp9vUc/getUpdates "HTTP/1.1 200 OK"
2026-04-10 22:16:01,274 [INFO] httpx: HTTP Request: POST https://api.telegram.org/bot8568391123:AAF54I56YKeIOWcLV3bCQSiSNd3fmWp9vUc/getUpdates "HTTP/1.1 200 OK"
2026-04-10 22:16:11,412 [INFO] httpx: HTTP Request: POST https://api.telegram.org/bot8568391123:AAF54I56YKeIOWcLV3bCQSiSNd3fmWp9vUc/getUpdates "HTTP/1.1 200 OK"
2026-04-10 22:16:21,551 [INFO] httpx: HTTP Request: POST https://api.telegram.org/bot8568391123:AAF54I56YKeIOWcLV3bCQSiSNd3fmWp9vUc/getUpdates "HTTP/1.1 200 OK"
2026-04-10 22:16:31,689 [INFO] httpx: HTTP Request: POST https://api.telegram.org/bot8568391123:AAF54I56YKeIOWcLV3bCQSiSNd3fmWp9vUc/getUpdates "HTTP/1.1 200 OK"
2026-04-10 22:16:41,826 [INFO] httpx: HTTP Request: POST https://api.telegram.org/bot8568391123:AAF54I56YKeIOWcLV3bCQSiSNd3fmWp9vUc/getUpdates "HTTP/1.1 200 OK"
2026-04-10 22:16:51,964 [INFO] httpx: HTTP Request: POST https://api.telegram.org/bot8568391123:AAF54I56YKeIOWcLV3bCQSiSNd3fmWp9vUc/getUpdates "HTTP/1.1 200 OK"
2026-04-10 22:17:02,100 [INFO] httpx: HTTP Request: POST https://api.telegram.org/bot8568391123:AAF54I56YKeIOWcLV3bCQSiSNd3fmWp9vUc/getUpdates "HTTP/1.1 200 OK"
2026-04-10 22:17:12,236 [INFO] httpx: HTTP Request: POST https://api.telegram.org/bot8568391123:AAF54I56YKeIOWcLV3bCQSiSNd3fmWp9vUc/getUpdates "HTTP/1.1 200 OK"
2026-04-10 22:17:22,372 [INFO] httpx: HTTP Request: POST https://api.telegram.org/bot8568391123:AAF54I56YKeIOWcLV3bCQSiSNd3fmWp9vUc/getUpdates "HTTP/1.1 200 OK"
2026-04-10 22:17:32,510 [INFO] httpx: HTTP Request: POST https://api.telegram.org/bot8568391123:AAF54I56YKeIOWcLV3bCQSiSNd3fmWp9vUc/getUpdates "HTTP/1.1 200 OK"
2026-04-10 22:17:42,647 [INFO] httpx: HTTP Request: POST https://api.telegram.org/bot8568391123:AAF54I56YKeIOWcLV3bCQSiSNd3fmWp9vUc/getUpdates "HTTP/1.1 200 OK"
2026-04-10 22:17:52,788 [INFO] httpx: HTTP Request: POST https://api.telegram.org/bot8568391123:AAF54I56YKeIOWcLV3bCQSiSNd3fmWp9vUc/getUpdates "HTTP/1.1 200 OK"
2026-04-10 22:18:02,921 [INFO] httpx: HTTP Request: POST https://api.telegram.org/bot8568391123:AAF54I56YKeIOWcLV3bCQSiSNd3fmWp9vUc/getUpdates "HTTP/1.1 200 OK"
2026-04-10 22:18:13,059 [INFO] httpx: HTTP Request: POST https://api.telegram.org/bot8568391123:AAF54I56YKeIOWcLV3bCQSiSNd3fmWp9vUc/getUpdates "HTTP/1.1 200 OK"
2026-04-10 22:18:23,131 [INFO] httpx: HTTP Request: POST https://api.telegram.org/bot8568391123:AAF54I56YKeIOWcLV3bCQSiSNd3fmWp9vUc/getUpdates "HTTP/1.1 200 OK"
2026-04-10 22:18:33,231 [INFO] httpx: HTTP Request: POST https://api.telegram.org/bot8568391123:AAF54I56YKeIOWcLV3bCQSiSNd3fmWp9vUc/getUpdates "HTTP/1.1 200 OK"
2026-04-10 22:18:43,291 [INFO] httpx: HTTP Request: POST https://api.telegram.org/bot8568391123:AAF54I56YKeIOWcLV3bCQSiSNd3fmWp9vUc/getUpdates "HTTP/1.1 200 OK"
2026-04-10 22:18:53,404 [INFO] httpx: HTTP Request: POST https://api.telegram.org/bot8568391123:AAF54I56YKeIOWcLV3bCQSiSNd3fmWp9vUc/getUpdates "HTTP/1.1 200 OK"
2026-04-10 22:19:03,542 [INFO] httpx: HTTP Request: POST https://api.telegram.org/bot8568391123:AAF54I56YKeIOWcLV3bCQSiSNd3fmWp9vUc/getUpdates "HTTP/1.1 200 OK"
2026-04-10 22:19:13,680 [INFO] httpx: HTTP Request: POST https://api.telegram.org/bot8568391123:AAF54I56YKeIOWcLV3bCQSiSNd3fmWp9vUc/getUpdates "HTTP/1.1 200 OK"
2026-04-10 22:19:23,817 [INFO] httpx: HTTP Request: POST https://api.telegram.org/bot8568391123:AAF54I56YKeIOWcLV3bCQSiSNd3fmWp9vUc/getUpdates "HTTP/1.1 200 OK"
2026-04-10 22:19:33,954 [INFO] httpx: HTTP Request: POST https://api.telegram.org/bot8568391123:AAF54I56YKeIOWcLV3bCQSiSNd3fmWp9vUc/getUpdates "HTTP/1.1 200 OK"
2026-04-10 22:19:44,092 [INFO] httpx: HTTP Request: POST https://api.telegram.org/bot8568391123:AAF54I56YKeIOWcLV3bCQSiSNd3fmWp9vUc/getUpdates "HTTP/1.1 200 OK"
2026-04-10 22:19:54,231 [INFO] httpx: HTTP Request: POST https://api.telegram.org/bot8568391123:AAF54I56YKeIOWcLV3bCQSiSNd3fmWp9vUc/getUpdates "HTTP/1.1 200 OK"
2026-04-10 22:20:04,369 [INFO] httpx: HTTP Request: POST https://api.telegram.org/bot8568391123:AAF54I56YKeIOWcLV3bCQSiSNd3fmWp9vUc/getUpdates "HTTP/1.1 200 OK"
2026-04-10 22:20:14,506 [INFO] httpx: HTTP Request: POST https://api.telegram.org/bot8568391123:AAF54I56YKeIOWcLV3bCQSiSNd3fmWp9vUc/getUpdates "HTTP/1.1 200 OK"
2026-04-10 22:20:24,645 [INFO] httpx: HTTP Request: POST https://api.telegram.org/bot8568391123:AAF54I56YKeIOWcLV3bCQSiSNd3fmWp9vUc/getUpdates "HTTP/1.1 200 OK"
2026-04-10 22:20:34,783 [INFO] httpx: HTTP Request: POST https://api.telegram.org/bot8568391123:AAF54I56YKeIOWcLV3bCQSiSNd3fmWp9vUc/getUpdates "HTTP/1.1 200 OK"
2026-04-10 22:20:44,927 [INFO] httpx: HTTP Request: POST https://api.telegram.org/bot8568391123:AAF54I56YKeIOWcLV3bCQSiSNd3fmWp9vUc/getUpdates "HTTP/1.1 200 OK"
2026-04-10 22:20:54,975 [INFO] httpx: HTTP Request: POST https://api.telegram.org/bot8568391123:AAF54I56YKeIOWcLV3bCQSiSNd3fmWp9vUc/getUpdates "HTTP/1.1 200 OK"
2026-04-10 22:21:05,021 [INFO] httpx: HTTP Request: POST https://api.telegram.org/bot8568391123:AAF54I56YKeIOWcLV3bCQSiSNd3fmWp9vUc/getUpdates "HTTP/1.1 200 OK"
2026-04-10 22:21:15,131 [INFO] httpx: HTTP Request: POST https://api.telegram.org/bot8568391123:AAF54I56YKeIOWcLV3bCQSiSNd3fmWp9vUc/getUpdates "HTTP/1.1 200 OK"
2026-04-10 22:21:25,178 [INFO] httpx: HTTP Request: POST https://api.telegram.org/bot8568391123:AAF54I56YKeIOWcLV3bCQSiSNd3fmWp9vUc/getUpdates "HTTP/1.1 200 OK"
2026-04-10 22:21:35,304 [INFO] httpx: HTTP Request: POST https://api.telegram.org/bot8568391123:AAF54I56YKeIOWcLV3bCQSiSNd3fmWp9vUc/getUpdates "HTTP/1.1 200 OK"
2026-04-10 22:21:45,443 [INFO] httpx: HTTP Request: POST https://api.telegram.org/bot8568391123:AAF54I56YKeIOWcLV3bCQSiSNd3fmWp9vUc/getUpdates "HTTP/1.1 200 OK"
2026-04-10 22:21:55,582 [INFO] httpx: HTTP Request: POST https://api.telegram.org/bot8568391123:AAF54I56YKeIOWcLV3bCQSiSNd3fmWp9vUc/getUpdates "HTTP/1.1 200 OK"
2026-04-10 22:22:05,706 [INFO] httpx: HTTP Request: POST https://api.telegram.org/bot8568391123:AAF54I56YKeIOWcLV3bCQSiSNd3fmWp9vUc/getUpdates "HTTP/1.1 200 OK"
2026-04-10 22:22:15,858 [INFO] httpx: HTTP Request: POST https://api.telegram.org/bot8568391123:AAF54I56YKeIOWcLV3bCQSiSNd3fmWp9vUc/getUpdates "HTTP/1.1 200 OK"
2026-04-10 22:22:25,997 [INFO] httpx: HTTP Request: POST https://api.telegram.org/bot8568391123:AAF54I56YKeIOWcLV3bCQSiSNd3fmWp9vUc/getUpdates "HTTP/1.1 200 OK"
2026-04-10 22:22:36,135 [INFO] httpx: HTTP Request: POST https://api.telegram.org/bot8568391123:AAF54I56YKeIOWcLV3bCQSiSNd3fmWp9vUc/getUpdates "HTTP/1.1 200 OK"
2026-04-10 22:22:46,273 [INFO] httpx: HTTP Request: POST https://api.telegram.org/bot8568391123:AAF54I56YKeIOWcLV3bCQSiSNd3fmWp9vUc/getUpdates "HTTP/1.1 200 OK"
